app/build/intermediates/manifest_merge_blame_file/debug/manifest-merger-blame-debug-report.txt
1<?xml version="1.0" encoding="utf-8"?>
2<manifest xmlns:android="http://schemas.android.com/apk/res/android"
3    package="com.androchef.cameraxfacedetection"
4    android:versionCode="1"
5    android:versionName="1.0" >
6
7    <uses-sdk
8        android:minSdkVersion="21"
8-->src\main\AndroidManifest.xml
9        android:targetSdkVersion="30" />
9-->src\main\AndroidManifest.xml
10
11    <uses-feature android:name="android.hardware.camera.any" />
11-->src\main\AndroidManifest.xml:5:5-64
11-->src\main\AndroidManifest.xml:5:19-61
12
13    <uses-permission android:name="android.permission.CAMERA" />
13-->src\main\AndroidManifest.xml:7:5-65
13-->src\main\AndroidManifest.xml:7:22-62
14    <uses-permission android:name="android.permission.INTERNET" />
14-->src\main\AndroidManifest.xml:8:5-67
14-->src\main\AndroidManifest.xml:8:22-64
15
16    <!-- Although the *SdkVersion is captured in gradle build files, this is required for non gradle builds -->
17    <!-- <uses-sdk android:minSdkVersion="14"/> -->
18    <uses-permission android:name="android.permission.ACCESS_NETWORK_STATE" />
18-->[com.google.android.datatransport:transport-backend-cct:2.2.2] AndroidManifest.xml:25:5-79
18-->[com.google.android.datatransport:transport-backend-cct:2.2.2] AndroidManifest.xml:25:22-76
19
20    <application
20-->src\main\AndroidManifest.xml:10:5-29:19
21        android:allowBackup="true"
21-->src\main\AndroidManifest.xml:11:9-35
22        android:appComponentFactory="androidx.core.app.CoreComponentFactory"
22-->[androidx.core:core:1.3.2] AndroidManifest.xml:24:18-86
23        android:debuggable="true"
24        android:icon="@mipmap/ic_launcher"
24-->src\main\AndroidManifest.xml:12:9-43
25        android:label="@string/app_name"
25-->src\main\AndroidManifest.xml:13:9-41
26        android:roundIcon="@drawable/splash"
26-->src\main\AndroidManifest.xml:14:9-45
27        android:supportsRtl="true"
27-->src\main\AndroidManifest.xml:15:9-35
28        android:testOnly="true"
29        android:theme="@style/Theme.CameraXFaceDetection" >
29-->src\main\AndroidManifest.xml:16:9-58
30        <activity
30-->src\main\AndroidManifest.xml:17:9-25:20
31            android:name="com.androchef.faecdetector.splashScreenActivity"
31-->src\main\AndroidManifest.xml:18:13-49
32            android:exported="true" >
32-->src\main\AndroidManifest.xml:19:13-36
33            <intent-filter>
33-->src\main\AndroidManifest.xml:20:13-24:29
34                <action android:name="android.intent.action.MAIN" />
34-->src\main\AndroidManifest.xml:21:17-69
34-->src\main\AndroidManifest.xml:21:25-66
35
36                <category android:name="android.intent.category.LAUNCHER" />
36-->src\main\AndroidManifest.xml:23:17-77
36-->src\main\AndroidManifest.xml:23:27-74
37            </intent-filter>
38        </activity>
39        <activity android:name="com.androchef.faecdetector.MainActivity" >
39-->src\main\AndroidManifest.xml:26:9-28:20
39-->src\main\AndroidManifest.xml:26:19-47
40        </activity>
41
42        <service
42-->[com.google.android.gms:play-services-mlkit-face-detection:16.1.0] AndroidManifest.xml:9:9-15:19
43            android:name="com.google.mlkit.common.internal.MlKitComponentDiscoveryService"
43-->[com.google.android.gms:play-services-mlkit-face-detection:16.1.0] AndroidManifest.xml:10:13-91
44            android:directBootAware="true"
44-->[com.google.mlkit:common:16.0.0] AndroidManifest.xml:17:13-43
45            android:exported="false" >
45-->[com.google.android.gms:play-services-mlkit-face-detection:16.1.0] AndroidManifest.xml:11:13-37
46            <meta-data
46-->[com.google.android.gms:play-services-mlkit-face-detection:16.1.0] AndroidManifest.xml:12:13-14:85
47                android:name="com.google.firebase.components:com.google.mlkit.vision.face.internal.FaceRegistrar"
47-->[com.google.android.gms:play-services-mlkit-face-detection:16.1.0] AndroidManifest.xml:13:17-114
48                android:value="com.google.firebase.components.ComponentRegistrar" />
48-->[com.google.android.gms:play-services-mlkit-face-detection:16.1.0] AndroidManifest.xml:14:17-82
49            <meta-data
49-->[com.google.mlkit:vision-common:16.0.0] AndroidManifest.xml:12:13-14:85
50                android:name="com.google.firebase.components:com.google.mlkit.vision.common.internal.VisionCommonRegistrar"
50-->[com.google.mlkit:vision-common:16.0.0] AndroidManifest.xml:13:17-124
51                android:value="com.google.firebase.components.ComponentRegistrar" />
51-->[com.google.mlkit:vision-common:16.0.0] AndroidManifest.xml:14:17-82
52            <meta-data
52-->[com.google.mlkit:common:16.0.0] AndroidManifest.xml:20:13-22:85
53                android:name="com.google.firebase.components:com.google.mlkit.common.internal.CommonComponentRegistrar"
53-->[com.google.mlkit:common:16.0.0] AndroidManifest.xml:21:17-120
54                android:value="com.google.firebase.components.ComponentRegistrar" />
54-->[com.google.mlkit:common:16.0.0] AndroidManifest.xml:22:17-82
55        </service>
56
57        <provider
57-->[com.google.mlkit:common:16.0.0] AndroidManifest.xml:9:9-13:38
58            android:name="com.google.mlkit.common.internal.MlKitInitProvider"
58-->[com.google.mlkit:common:16.0.0] AndroidManifest.xml:10:13-78
59            android:authorities="com.androchef.cameraxfacedetection.mlkitinitprovider"
59-->[com.google.mlkit:common:16.0.0] AndroidManifest.xml:11:13-69
60            android:exported="false"
60-->[com.google.mlkit:common:16.0.0] AndroidManifest.xml:12:13-37
61            android:initOrder="99" />
61-->[com.google.mlkit:common:16.0.0] AndroidManifest.xml:13:13-35
62
63        <activity
63-->[com.google.android.gms:play-services-base:17.0.0] AndroidManifest.xml:23:9-26:75
64            android:name="com.google.android.gms.common.api.GoogleApiActivity"
64-->[com.google.android.gms:play-services-base:17.0.0] AndroidManifest.xml:24:13-79
65            android:exported="false"
65-->[com.google.android.gms:play-services-base:17.0.0] AndroidManifest.xml:25:13-37
66            android:theme="@android:style/Theme.Translucent.NoTitleBar" />
66-->[com.google.android.gms:play-services-base:17.0.0] AndroidManifest.xml:26:13-72
67
68        <meta-data
68-->[com.google.android.gms:play-services-basement:17.0.0] AndroidManifest.xml:23:9-25:69
69            android:name="com.google.android.gms.version"
69-->[com.google.android.gms:play-services-basement:17.0.0] AndroidManifest.xml:24:13-58
70            android:value="@integer/google_play_services_version" />
70-->[com.google.android.gms:play-services-basement:17.0.0] AndroidManifest.xml:25:13-66
71
72        <service
72-->[com.google.android.datatransport:transport-backend-cct:2.2.2] AndroidManifest.xml:29:9-35:19
73            android:name="com.google.android.datatransport.runtime.backends.TransportBackendDiscovery"
73-->[com.google.android.datatransport:transport-backend-cct:2.2.2] AndroidManifest.xml:30:13-103
74            android:exported="false" >
74-->[com.google.android.datatransport:transport-backend-cct:2.2.2] AndroidManifest.xml:31:13-37
75            <meta-data
75-->[com.google.android.datatransport:transport-backend-cct:2.2.2] AndroidManifest.xml:32:13-34:39
76                android:name="backend:com.google.android.datatransport.cct.CctBackendFactory"
76-->[com.google.android.datatransport:transport-backend-cct:2.2.2] AndroidManifest.xml:33:17-94
77                android:value="cct" />
77-->[com.google.android.datatransport:transport-backend-cct:2.2.2] AndroidManifest.xml:34:17-36
78        </service>
79        <service
79-->[com.google.android.datatransport:transport-runtime:2.2.2] AndroidManifest.xml:26:9-30:19
80            android:name="com.google.android.datatransport.runtime.scheduling.jobscheduling.JobInfoSchedulerService"
80-->[com.google.android.datatransport:transport-runtime:2.2.2] AndroidManifest.xml:27:13-117
81            android:exported="false"
81-->[com.google.android.datatransport:transport-runtime:2.2.2] AndroidManifest.xml:28:13-37
82            android:permission="android.permission.BIND_JOB_SERVICE" >
82-->[com.google.android.datatransport:transport-runtime:2.2.2] AndroidManifest.xml:29:13-69
83        </service>
84
85        <receiver
85-->[com.google.android.datatransport:transport-runtime:2.2.2] AndroidManifest.xml:32:9-34:40
86            android:name="com.google.android.datatransport.runtime.scheduling.jobscheduling.AlarmManagerSchedulerBroadcastReceiver"
86-->[com.google.android.datatransport:transport-runtime:2.2.2] AndroidManifest.xml:33:13-132
87            android:exported="false" />
87-->[com.google.android.datatransport:transport-runtime:2.2.2] AndroidManifest.xml:34:13-37
88    </application>
89
90</manifest>